<?xml version="1.0" encoding="UTF-8" ?>
<testsuite tests="11" failures="1" name="com.testing_code.controllerTest.LoginAndSignupControllerTest" time="2.393" errors="0" skipped="0">
  <properties>
[...]
</properties>
  <testcase classname="com.testing_code.controllerTest.LoginAndSignupControllerTest" name="testSignupPass" time="0.527"/>
  <testcase classname="com.testing_code.controllerTest.LoginAndSignupControllerTest" name="testLoginFailWrongEmail" time="0.094"/>
  <testcase classname="com.testing_code.controllerTest.LoginAndSignupControllerTest" name="testSignupFailWrongEmail" time="0.075"/>
  <testcase classname="com.testing_code.controllerTest.LoginAndSignupControllerTest" name="testLoginFailWrongPassword" time="0.278"/>
  <testcase classname="com.testing_code.controllerTest.LoginAndSignupControllerTest" name="testSignupFailWrongUserNamePattern" time="0.024"/>
  <testcase classname="com.testing_code.controllerTest.LoginAndSignupControllerTest" name="testLoginFailUserBlock" time="0.097">
    <failure message="Status expected:&lt;400&gt; but was:&lt;200&gt;" type="java.lang.AssertionError">java.lang.AssertionError: Status expected:&lt;400&gt; but was:&lt;200&gt;
	at org.springframework.test.util.AssertionErrors.fail(AssertionErrors.java:55)
	at org.springframework.test.util.AssertionErrors.assertEquals(AssertionErrors.java:82)
	at org.springframework.test.web.servlet.result.StatusResultMatchers.lambda$matcher$9(StatusResultMatchers.java:619)
	at org.springframework.test.web.servlet.MockMvc$1.andExpect(MockMvc.java:195)
	at com.testing_code.controllerTest.LoginAndSignupControllerTest.testLoginFailUserBlock(LoginAndSignupControllerTest.java:159)
	at sun.reflect.NativeMethodAccessorImpl.invoke0(Native Method)
	at sun.reflect.NativeMethodAccessorImpl.invoke(NativeMethodAccessorImpl.java:62)
	at sun.reflect.DelegatingMethodAccessorImpl.invoke(DelegatingMethodAccessorImpl.java:43)
	at java.lang.reflect.Method.invoke(Method.java:498)
	at org.junit.runners.model.FrameworkMethod$1.runReflectiveCall(FrameworkMethod.java:50)
	at org.junit.internal.runners.model.ReflectiveCallable.run(ReflectiveCallable.java:12)
	at org.junit.runners.model.FrameworkMethod.invokeExplosively(FrameworkMethod.java:47)
	at org.junit.internal.runners.statements.InvokeMethod.evaluate(InvokeMethod.java:17)
	at org.springframework.test.context.junit4.statements.RunBeforeTestExecutionCallbacks.evaluate(RunBeforeTestExecutionCallbacks.java:74)
	at org.springframework.test.context.junit4.statements.RunAfterTestExecutionCallbacks.evaluate(RunAfterTestExecutionCallbacks.java:84)
	at org.junit.internal.runners.statements.RunBefores.evaluate(RunBefores.java:26)
	at org.springframework.test.context.junit4.statements.RunBeforeTestMethodCallbacks.evaluate(RunBeforeTestMethodCallbacks.java:75)
	at org.springframework.test.context.junit4.statements.RunAfterTestMethodCallbacks.evaluate(RunAfterTestMethodCallbacks.java:86)
	at org.springframework.test.context.junit4.statements.SpringRepeat.evaluate(SpringRepeat.java:84)
	at org.junit.runners.ParentRunner.runLeaf(ParentRunner.java:325)
	at org.springframework.test.context.junit4.SpringJUnit4ClassRunner.runChild(SpringJUnit4ClassRunner.java:251)
	at org.springframework.test.context.junit4.SpringJUnit4ClassRunner.runChild(SpringJUnit4ClassRunner.java:97)
	at org.junit.runners.ParentRunner$3.run(ParentRunner.java:290)
	at org.junit.runners.ParentRunner$1.schedule(ParentRunner.java:71)
	at org.junit.runners.ParentRunner.runChildren(ParentRunner.java:288)
	at org.junit.runners.ParentRunner.access$000(ParentRunner.java:58)
	at org.junit.runners.ParentRunner$2.evaluate(ParentRunner.java:268)
	at org.springframework.test.context.junit4.statements.RunBeforeTestClassCallbacks.evaluate(RunBeforeTestClassCallbacks.java:61)
	at org.springframework.test.context.junit4.statements.RunAfterTestClassCallbacks.evaluate(RunAfterTestClassCallbacks.java:70)
	at org.junit.runners.ParentRunner.run(ParentRunner.java:363)
	at org.springframework.test.context.junit4.SpringJUnit4ClassRunner.run(SpringJUnit4ClassRunner.java:190)
	at org.apache.maven.surefire.junit4.JUnit4Provider.execute(JUnit4Provider.java:252)
	at org.apache.maven.surefire.junit4.JUnit4Provider.executeTestSet(JUnit4Provider.java:141)
	at org.apache.maven.surefire.junit4.JUnit4Provider.invoke(JUnit4Provider.java:112)
	at sun.reflect.NativeMethodAccessorImpl.invoke0(Native Method)
	at sun.reflect.NativeMethodAccessorImpl.invoke(NativeMethodAccessorImpl.java:62)
	at sun.reflect.DelegatingMethodAccessorImpl.invoke(DelegatingMethodAccessorImpl.java:43)
	at java.lang.reflect.Method.invoke(Method.java:498)
	at org.apache.maven.surefire.util.ReflectionUtils.invokeMethodWithArray(ReflectionUtils.java:189)
	at org.apache.maven.surefire.booter.ProviderFactory$ProviderProxy.invoke(ProviderFactory.java:165)
	at org.apache.maven.surefire.booter.ProviderFactory.invokeProvider(ProviderFactory.java:85)
	at org.apache.maven.surefire.booter.ForkedBooter.runSuitesInProcess(ForkedBooter.java:115)
	at org.apache.maven.surefire.booter.ForkedBooter.main(ForkedBooter.java:75)
</failure>
    <system-out>2019-02-26 17:25:14.953  INFO 34296 --- [           main] o.s.b.t.m.w.SpringBootMockServletContext : Initializing Spring TestDispatcherServlet &apos;&apos;
2019-02-26 17:25:14.953  INFO 34296 --- [           main] o.s.t.web.servlet.TestDispatcherServlet  : Initializing Servlet &apos;&apos;
2019-02-26 17:25:15.002  INFO 34296 --- [           main] o.s.t.web.servlet.TestDispatcherServlet  : Completed initialization in 49 ms
</system-out>
  </testcase>
  <testcase classname="com.testing_code.controllerTest.LoginAndSignupControllerTest" name="testLoginSuccessfull" time="1.16"/>
  <testcase classname="com.testing_code.controllerTest.LoginAndSignupControllerTest" name="testSignupFailWrongPasswordPattern" time="0.034"/>
  <testcase classname="com.testing_code.controllerTest.LoginAndSignupControllerTest" name="testSignupFailWrongUserNameLonglength" time="0.026"/>
  <testcase classname="com.testing_code.controllerTest.LoginAndSignupControllerTest" name="testSignupFailWrongPasswordLength" time="0.039"/>
  <testcase classname="com.testing_code.controllerTest.LoginAndSignupControllerTest" name="testSignupFailWrongUserNameLength" time="0.039"/>
</testsuite>